[debug] [2018-03-24T22:54:43.725Z] ----------------------------------------------------------------------
[debug] [2018-03-24T22:54:43.728Z] Command:       /usr/local/bin/node /usr/local/bin/firebase serve --project yayshesaidyes
[debug] [2018-03-24T22:54:43.728Z] CLI Version:   3.17.5
[debug] [2018-03-24T22:54:43.728Z] Platform:      darwin
[debug] [2018-03-24T22:54:43.728Z] Node Version:  v8.10.0
[debug] [2018-03-24T22:54:43.728Z] Time:          Sat Mar 24 2018 17:54:43 GMT-0500 (CDT)
[debug] [2018-03-24T22:54:43.728Z] ----------------------------------------------------------------------
[debug] 
[debug] [2018-03-24T22:54:43.742Z] > command requires scopes: ["email","openid","https://www.googleapis.com/auth/cloudplatformprojects.readonly","https://www.googleapis.com/auth/firebase","https://www.googleapis.com/auth/cloud-platform"]
[debug] [2018-03-24T22:54:43.742Z] > authorizing via signed-in user
[debug] [2018-03-24T22:54:43.745Z] >>> HTTP REQUEST GET https://admin.firebase.com/v1/projects/yayshesaidyes  
  
 Sat Mar 24 2018 17:54:43 GMT-0500 (CDT)
[debug] [2018-03-24T22:54:44.130Z] <<< HTTP RESPONSE 200
[debug] [2018-03-24T22:54:44.131Z] >>> HTTP REQUEST GET https://admin.firebase.com/v1/database/yayshesaidyes/tokens  
  
 Sat Mar 24 2018 17:54:44 GMT-0500 (CDT)
[debug] [2018-03-24T22:54:44.476Z] <<< HTTP RESPONSE 200
[debug] [2018-03-24T22:54:44.478Z] >>> HTTP REQUEST GET https://cloudresourcemanager.googleapis.com/v1/projects/yayshesaidyes  
  
 Sat Mar 24 2018 17:54:44 GMT-0500 (CDT)
[debug] [2018-03-24T22:54:44.716Z] <<< HTTP RESPONSE 200
[info] 
[info] === Serving from '/Users/joethomas/Documents/MIS Course work/ITDD'...
[info] 
[debug] [2018-03-24T22:54:44.718Z] >>> HTTP REQUEST GET https://mobilesdk-pa.googleapis.com/v1/projects/705799347991/clients/_:getWebAppConfig  
  
 Sat Mar 24 2018 17:54:44 GMT-0500 (CDT)
[debug] [2018-03-24T22:54:45.375Z] <<< HTTP RESPONSE 200
[info] i  hosting: Serving hosting files from: public
[info] ✔  hosting: Local server: http://localhost:5000

[info] Shutting down...
